# !SESSION 2025-04-03 18:21:38.168
# version: 1.1
# verbose: true
# The following option strings are specified for this debug session:
# 	null
| Worker-5: Setup scanner extension configuration | 2025-04-03 18:21:38.168 | com.iar.ide.common | /debug | com.iar.ide.common.logging.Logger | traceFile | 197 | SDK location does not exist: null |
# !SESSION 2025-04-03 19:20:44.035
# version: 1.1
# verbose: true
# The following option strings are specified for this debug session:
# 	null
| Worker-15: Setup scanner extension configuration | 2025-04-03 19:20:44.035 | com.iar.ide.common | /debug | com.iar.ide.common.logging.Logger | traceFile | 197 | SDK location does not exist: null |
# !SESSION 2025-04-07 00:33:42.465
# version: 1.1
# verbose: true
# The following option strings are specified for this debug session:
# 	null
| Worker-9: Setup scanner extension configuration | 2025-04-07 00:33:42.465 | com.iar.ide.common | /debug | com.iar.ide.common.logging.Logger | traceFile | 197 | SDK location does not exist: null |
# !SESSION 2025-04-07 08:47:30.517
# version: 1.1
# verbose: true
# The following option strings are specified for this debug session:
# 	null
| Worker-11: Setup scanner extension configuration | 2025-04-07 08:47:30.517 | com.iar.ide.common | /debug | com.iar.ide.common.logging.Logger | traceFile | 197 | SDK location does not exist: null |
# !SESSION 2025-04-07 09:18:20.386
# version: 1.1
# verbose: true
# The following option strings are specified for this debug session:
# 	null
| Worker-9: Setup scanner extension configuration | 2025-04-07 09:18:20.386 | com.iar.ide.common | /debug | com.iar.ide.common.logging.Logger | traceFile | 197 | SDK location does not exist: null |
# !SESSION 2025-04-07 09:23:09.630
# version: 1.1
# verbose: true
# The following option strings are specified for this debug session:
# 	null
| Worker-9: Setup scanner extension configuration | 2025-04-07 09:23:09.630 | com.iar.ide.common | /debug | com.iar.ide.common.logging.Logger | traceFile | 197 | SDK location does not exist: null |
